Performing C SOURCE FILE Test CMAKE_HAVE_LIBC_PTHREAD failed with the following output:
Change Dir: /home/pi/Downloads/back_good/LocomotionWithNP3O-masteroldxgoo2/LocomotionWithNP3O-masteroldx/sim2sim_lcm/build/CMakeFiles/CMakeScratch/TryCompile-C6Hh7C

Run Build Command(s):/usr/bin/make -f Makefile cmTC_08d1a/fast && /usr/bin/make  -f CMakeFiles/cmTC_08d1a.dir/build.make CMakeFiles/cmTC_08d1a.dir/build
make[1]: 进入目录“/home/pi/Downloads/back_good/LocomotionWithNP3O-masteroldxgoo2/LocomotionWithNP3O-masteroldx/sim2sim_lcm/build/CMakeFiles/CMakeScratch/TryCompile-C6Hh7C”
Building C object CMakeFiles/cmTC_08d1a.dir/src.c.o
/usr/bin/cc -DCMAKE_HAVE_LIBC_PTHREAD  -fPIC  -o CMakeFiles/cmTC_08d1a.dir/src.c.o -c /home/pi/Downloads/back_good/LocomotionWithNP3O-masteroldxgoo2/LocomotionWithNP3O-masteroldx/sim2sim_lcm/build/CMakeFiles/CMakeScratch/TryCompile-C6Hh7C/src.c
Linking C executable cmTC_08d1a
/usr/local/bin/cmake -E cmake_link_script CMakeFiles/cmTC_08d1a.dir/link.txt --verbose=1
/usr/bin/cc -fPIC  CMakeFiles/cmTC_08d1a.dir/src.c.o -o cmTC_08d1a 
/usr/bin/ld: CMakeFiles/cmTC_08d1a.dir/src.c.o: in function `main':
src.c:(.text+0x46): undefined reference to `pthread_create'
/usr/bin/ld: src.c:(.text+0x52): undefined reference to `pthread_detach'
/usr/bin/ld: src.c:(.text+0x5e): undefined reference to `pthread_cancel'
/usr/bin/ld: src.c:(.text+0x6f): undefined reference to `pthread_join'
collect2: error: ld returned 1 exit status
make[1]: *** [CMakeFiles/cmTC_08d1a.dir/build.make:99：cmTC_08d1a] 错误 1
make[1]: 离开目录“/home/pi/Downloads/back_good/LocomotionWithNP3O-masteroldxgoo2/LocomotionWithNP3O-masteroldx/sim2sim_lcm/build/CMakeFiles/CMakeScratch/TryCompile-C6Hh7C”
make: *** [Makefile:127：cmTC_08d1a/fast] 错误 2


Source file was:
#include <pthread.h>

static void* test_func(void* data)
{
  return data;
}

int main(void)
{
  pthread_t thread;
  pthread_create(&thread, NULL, test_func, NULL);
  pthread_detach(thread);
  pthread_cancel(thread);
  pthread_join(thread, NULL);
  pthread_atfork(NULL, NULL, NULL);
  pthread_exit(NULL);

  return 0;
}


Determining if the function pthread_create exists in the pthreads failed with the following output:
Change Dir: /home/pi/Downloads/back_good/LocomotionWithNP3O-masteroldxgoo2/LocomotionWithNP3O-masteroldx/sim2sim_lcm/build/CMakeFiles/CMakeScratch/TryCompile-dFdZTz

Run Build Command(s):/usr/bin/make -f Makefile cmTC_69f07/fast && /usr/bin/make  -f CMakeFiles/cmTC_69f07.dir/build.make CMakeFiles/cmTC_69f07.dir/build
make[1]: 进入目录“/home/pi/Downloads/back_good/LocomotionWithNP3O-masteroldxgoo2/LocomotionWithNP3O-masteroldx/sim2sim_lcm/build/CMakeFiles/CMakeScratch/TryCompile-dFdZTz”
Building C object CMakeFiles/cmTC_69f07.dir/CheckFunctionExists.c.o
/usr/bin/cc   -fPIC -DCHECK_FUNCTION_EXISTS=pthread_create -o CMakeFiles/cmTC_69f07.dir/CheckFunctionExists.c.o -c /home/pi/Downloads/back_good/LocomotionWithNP3O-masteroldxgoo2/LocomotionWithNP3O-masteroldx/sim2sim_lcm/build/CMakeFiles/CMakeScratch/TryCompile-dFdZTz/CheckFunctionExists.c
Linking C executable cmTC_69f07
/usr/local/bin/cmake -E cmake_link_script CMakeFiles/cmTC_69f07.dir/link.txt --verbose=1
/usr/bin/cc -fPIC -DCHECK_FUNCTION_EXISTS=pthread_create CMakeFiles/cmTC_69f07.dir/CheckFunctionExists.c.o -o cmTC_69f07  -lpthreads 
/usr/bin/ld: 找不到 -lpthreads
collect2: error: ld returned 1 exit status
make[1]: *** [CMakeFiles/cmTC_69f07.dir/build.make:99：cmTC_69f07] 错误 1
make[1]: 离开目录“/home/pi/Downloads/back_good/LocomotionWithNP3O-masteroldxgoo2/LocomotionWithNP3O-masteroldx/sim2sim_lcm/build/CMakeFiles/CMakeScratch/TryCompile-dFdZTz”
make: *** [Makefile:127：cmTC_69f07/fast] 错误 2



